[0m15:15:31.184635 [debug] [MainThread]: Sending event: {'category': 'dbt', 'action': 'invocation', 'label': 'start', 'context': [<snowplow_tracker.self_describing_json.SelfDescribingJson object at 0x000001FB7C837080>, <snowplow_tracker.self_describing_json.SelfDescribingJson object at 0x000001FB7C139760>, <snowplow_tracker.self_describing_json.SelfDescribingJson object at 0x000001FB7C139190>]}


============================== 15:15:31.196132 | 8006e9eb-e8a6-44ae-b557-a009a5114452 ==============================
[0m15:15:31.196132 [info ] [MainThread]: Running with dbt=1.8.7
[0m15:15:31.197132 [debug] [MainThread]: running dbt with arguments {'printer_width': '80', 'indirect_selection': 'eager', 'write_json': 'True', 'log_cache_events': 'False', 'partial_parse': 'True', 'cache_selected_only': 'False', 'profiles_dir': 'C:\\Users\\samue\\.dbt', 'debug': 'False', 'version_check': 'True', 'log_path': 'logs', 'fail_fast': 'False', 'warn_error': 'None', 'use_colors': 'True', 'use_experimental_parser': 'False', 'empty': 'None', 'quiet': 'False', 'no_print': 'None', 'warn_error_options': 'WarnErrorOptions(include=[], exclude=[])', 'introspect': 'True', 'static_parser': 'True', 'log_format': 'default', 'target_path': 'None', 'invocation_command': 'dbt init', 'send_anonymous_usage_stats': 'True'}
[0m15:15:31.211158 [warn ] [MainThread]: [ConfigFolderDirectory]: Unable to parse dict {'dir': WindowsPath('C:/Users/samue/.dbt')}
[0m15:15:31.212662 [info ] [MainThread]: Creating dbt configuration folder at 
[0m15:16:40.432780 [debug] [MainThread]: Starter project path: C:\Users\samue\Desktop\GitHub\2-Cours\atelier_collecte_donnees\venv\Lib\site-packages\dbt\include\starter_project
[0m15:16:40.458960 [info ] [MainThread]: 
Your new dbt project "test" was created!

For more information on how to configure the profiles.yml file,
please consult the dbt documentation here:

  https://docs.getdbt.com/docs/configure-your-profile

One more thing:

Need help? Don't hesitate to reach out to us via GitHub issues or on Slack:

  https://community.getdbt.com/

Happy modeling!

[0m15:16:40.460996 [info ] [MainThread]: Setting up your profile.
[0m15:16:57.909087 [error] [MainThread]: Encountered an error:

[0m15:16:57.912624 [error] [MainThread]: Traceback (most recent call last):
  File "C:\Users\samue\Desktop\GitHub\2-Cours\atelier_collecte_donnees\venv\Lib\site-packages\dbt\cli\requires.py", line 138, in wrapper
    result, success = func(*args, **kwargs)
                      ^^^^^^^^^^^^^^^^^^^^^
  File "C:\Users\samue\Desktop\GitHub\2-Cours\atelier_collecte_donnees\venv\Lib\site-packages\dbt\cli\requires.py", line 101, in wrapper
    return func(*args, **kwargs)
           ^^^^^^^^^^^^^^^^^^^^^
  File "C:\Users\samue\Desktop\GitHub\2-Cours\atelier_collecte_donnees\venv\Lib\site-packages\dbt\cli\main.py", line 470, in init
    results = task.run()
              ^^^^^^^^^^
  File "C:\Users\samue\Desktop\GitHub\2-Cours\atelier_collecte_donnees\venv\Lib\site-packages\dbt\task\init.py", line 347, in run
    self.setup_profile(profile_name)
  File "C:\Users\samue\Desktop\GitHub\2-Cours\atelier_collecte_donnees\venv\Lib\site-packages\dbt\task\init.py", line 262, in setup_profile
    adapter = self.ask_for_adapter_choice()
              ^^^^^^^^^^^^^^^^^^^^^^^^^^^^^
  File "C:\Users\samue\Desktop\GitHub\2-Cours\atelier_collecte_donnees\venv\Lib\site-packages\dbt\task\init.py", line 243, in ask_for_adapter_choice
    numeric_choice = click.prompt(prompt_msg, type=click.INT)
                     ^^^^^^^^^^^^^^^^^^^^^^^^^^^^^^^^^^^^^^^^
  File "C:\Users\samue\Desktop\GitHub\2-Cours\atelier_collecte_donnees\venv\Lib\site-packages\click\termui.py", line 164, in prompt
    value = prompt_func(prompt)
            ^^^^^^^^^^^^^^^^^^^
  File "C:\Users\samue\Desktop\GitHub\2-Cours\atelier_collecte_donnees\venv\Lib\site-packages\click\termui.py", line 147, in prompt_func
    raise Abort() from None
click.exceptions.Abort

[0m15:16:57.916720 [debug] [MainThread]: Command `dbt init` failed at 15:16:57.915710 after 86.86 seconds
[0m15:16:57.916720 [debug] [MainThread]: Sending event: {'category': 'dbt', 'action': 'invocation', 'label': 'end', 'context': [<snowplow_tracker.self_describing_json.SelfDescribingJson object at 0x000001FB7C1E4CB0>, <snowplow_tracker.self_describing_json.SelfDescribingJson object at 0x000001FB7D20EAB0>, <snowplow_tracker.self_describing_json.SelfDescribingJson object at 0x000001FB7D20EF60>]}
[0m15:16:57.917717 [debug] [MainThread]: Flushing usage events
[0m15:17:08.603587 [debug] [MainThread]: Sending event: {'category': 'dbt', 'action': 'invocation', 'label': 'start', 'context': [<snowplow_tracker.self_describing_json.SelfDescribingJson object at 0x00000223B6567DD0>, <snowplow_tracker.self_describing_json.SelfDescribingJson object at 0x00000223B29B97C0>, <snowplow_tracker.self_describing_json.SelfDescribingJson object at 0x00000223B6567FE0>]}


============================== 15:17:08.607592 | cc74a8c3-4ac3-41d0-8e8b-3bb57e211668 ==============================
[0m15:17:08.607592 [info ] [MainThread]: Running with dbt=1.8.7
[0m15:17:08.607592 [debug] [MainThread]: running dbt with arguments {'printer_width': '80', 'indirect_selection': 'eager', 'log_cache_events': 'False', 'write_json': 'True', 'partial_parse': 'True', 'cache_selected_only': 'False', 'profiles_dir': 'C:\\Users\\samue\\.dbt', 'version_check': 'True', 'fail_fast': 'False', 'log_path': 'logs', 'debug': 'False', 'warn_error': 'None', 'use_colors': 'True', 'use_experimental_parser': 'False', 'empty': 'None', 'quiet': 'False', 'no_print': 'None', 'warn_error_options': 'WarnErrorOptions(include=[], exclude=[])', 'static_parser': 'True', 'introspect': 'True', 'log_format': 'default', 'target_path': 'None', 'invocation_command': 'dbt init', 'send_anonymous_usage_stats': 'True'}
[0m15:17:27.657212 [debug] [MainThread]: Starter project path: C:\Users\samue\Desktop\GitHub\2-Cours\atelier_collecte_donnees\venv\Lib\site-packages\dbt\include\starter_project
[0m15:17:27.689253 [info ] [MainThread]: 
Your new dbt project "transform" was created!

For more information on how to configure the profiles.yml file,
please consult the dbt documentation here:

  https://docs.getdbt.com/docs/configure-your-profile

One more thing:

Need help? Don't hesitate to reach out to us via GitHub issues or on Slack:

  https://community.getdbt.com/

Happy modeling!

[0m15:17:27.690252 [info ] [MainThread]: Setting up your profile.
[0m15:18:37.109849 [info ] [MainThread]: Profile transform written to C:\Users\samue\.dbt\profiles.yml using target's sample configuration. Once updated, you'll be able to start developing with dbt.
[0m15:18:37.118075 [debug] [MainThread]: Command `dbt init` succeeded at 15:18:37.109849 after 88.65 seconds
[0m15:18:37.118075 [debug] [MainThread]: Sending event: {'category': 'dbt', 'action': 'invocation', 'label': 'end', 'context': [<snowplow_tracker.self_describing_json.SelfDescribingJson object at 0x00000223B2C65130>, <snowplow_tracker.self_describing_json.SelfDescribingJson object at 0x00000223B5AF2F00>, <snowplow_tracker.self_describing_json.SelfDescribingJson object at 0x00000223B29B97C0>]}
[0m15:18:37.120254 [debug] [MainThread]: Flushing usage events
